1506445895793	geckodriver	INFO	geckodriver 0.19.0
1506445895804	geckodriver	INFO	Listening on 127.0.0.1:60906
1506445897342	mozrunner::runner	INFO	Running command: "C:\\Program Files (x86)\\Mozilla Firefox\\firefox.exe" "-marionette" "-profile" "C:\\Users\\User\\AppData\\Local\\Temp\\rust_mozprofile.YdZuOcGHH8Qa"
1506445900264	addons.xpi	WARN	Error parsing extensions state: [Exception... "Component returned failure code: 0x80520012 (NS_ERROR_FILE_NOT_FOUND) [amIAddonManagerStartup.readStartupData]"  nsresult: "0x80520012 (NS_ERROR_FILE_NOT_FOUND)"  location: "JS frame :: resource://gre/modules/addons/XPIProvider.jsm :: loadExtensionState :: line 1596"  data: no] Stack trace: loadExtensionState()@resource://gre/modules/addons/XPIProvider.jsm:1596 < getInstallState()@resource://gre/modules/addons/XPIProvider.jsm:1631 < checkForChanges()@resource://gre/modules/addons/XPIProvider.jsm:3152 < startup()@resource://gre/modules/addons/XPIProvider.jsm:2246 < callProvider()@resource://gre/modules/AddonManager.jsm:271 < _startProvider()@resource://gre/modules/AddonManager.jsm:741 < startup()@resource://gre/modules/AddonManager.jsm:908 < startup()@resource://gre/modules/AddonManager.jsm:3122 < observe()@jar:file:///C:/Program%20Files%20(x86)/Mozilla%20Firefox/omni.ja!/components/addonManager.js:65
1506445901406	Marionette	INFO	Enabled via --marionette
1506445906078	Marionette	INFO	Listening on port 60916
1506445906124	Marionette	INFO	Listening on port 60916
1506445906814	Marionette	WARN	TLS certificate errors will be ignored for this session
1506445906881	Marionette	DEBUG	loaded listener.js
1506445907011	Marionette	DEBUG	Received DOM event "beforeunload" for "about:blank"
1506445907922	Marionette	DEBUG	Received DOM event "pagehide" for "about:blank"
1506445907922	Marionette	DEBUG	Received DOM event "unload" for "about:blank"
1506445908945	Marionette	DEBUG	Received DOM event "DOMContentLoaded" for "https://www.indiapost.gov.in/VAS/Pages/trackconsignment.aspx"
1506445909482	Marionette	DEBUG	Received DOM event "pageshow" for "https://www.indiapost.gov.in/VAS/Pages/trackconsignment.aspx"
1506445911964	Marionette	DEBUG	Canceled page load listener because no navigation has been detected
[GPU 11056] WARNING: pipe error: 109: file c:/builds/moz2_slave/m-rel-w32-00000000000000000000/build/src/ipc/chromium/src/chrome/common/ipc_channel_win.cc, line 346
[GPU 11056] WARNING: pipe error: 109: file c:/builds/moz2_slave/m-rel-w32-00000000000000000000/build/src/ipc/chromium/src/chrome/common/ipc_channel_win.cc, line 346
[Chi[GPU 6028] WARNING: pipe error: 109: file c:/builds/moz2_slave/m-rel-w32-00000000000000000000/build/src/ipc/chromium/src/chrome/common/ipc_channel_win.cc, line 346
[[GPU 15568] WARNING: pipe error: 109: file c:/builds/moz2_slave/m-rel-w32-00000000000000000000/build/src/ipc/chromium/src/chrome/common/ipc_channel_win.cc, line 346
[GPU 15568] WARNING: pipe error: 109: file c:/builds/moz2_slave/m-rel-w32-00000000000000000000/build/src/ipc/chromium/src/chrome/common/ipc_channel_win.cc, line 346
[Child 16660] WARNING: pipe error: 109: file c:/builds/moz2_slave/m-rel-w32-00000000000000000000/build/src/ipc/chromium/src/chrome/common/ipc_channel_win.cc, line 346
[Child 16660] WARNING: pipe error: 109: file c:/builds/moz2_slave/m-rel-w32-00000000000000000000/build/src/ipc/chromium/src/chrome/common/ipc_channel_win.cc, line 346

###!!! [Child][MessageChannel::SendAndWait] Error: Channel error: cannot send/recv

	DEBUG	Received DOM event "unload" for "https://www.indiapost.gov.in/VAS/Pages/trackconsignment.aspx"
1506444749908	Marionette	DEBUG	Received DOM event "DOMContentLoaded" for "https://www.indiapost.gov.in/VAS/Pages/trackconsignment.aspx"
1506444749930	Marionette	DEBUG	Received DOM event "pageshow" for "https://www.indiapost.gov.in/VAS/Pages/trackconsignment.aspx"
1506444750979	Marionette	DEBUG	Canceled page load listener because no navigation has been detected
1506444751016	Marionette	DEBUG	Received DOM event "beforeunload" for "https://www.indiapost.gov.in/VAS/Pages/trackconsignment.aspx"
JavaScript error: https://www.indiapost.gov.in/ScriptResource.axd?d=BJWLQtdo5Suy3SbWP8p3R4e2HyVUA_o5quQREYB3AUVBNqER8RAxgJq0ya_d4CsQhfifXO14riU-Zbc2j64HGEwNi7TfKonMGhPUyP2RZAuqlfbXFasH7IdQ0CVlKGULgudUOPqs3Y_ri6keh7-KQ67AuA5J256DwXDC9FPy-0vYWEB547u1ZD9kG9PTnaDE0&t=5f9d5645:5, line 25549: Error: Sys.WebForms.PageRequestManagerServerErrorException: An unknown error occurred while processing the request on the server. The status code returned from the server was: 0
1506444751493	Marionette	DEBUG	Received DOM event "pagehide" for "https://www.indiapost.gov.in/VAS/Pages/trackconsignment.aspx"
1506444751501	Marionette	DEBUG	Received DOM event "unload" for "https://www.indiapost.gov.in/VAS/Pages/trackconsignment.aspx"
1506444751953	Marionette	DEBUG	Received DOM event "DOMContentLoaded" for "https://www.indiapost.gov.in/VAS/Pages/trackconsignment.aspx"
1506444751983	Marionette	DEBUG	Received DOM event "pageshow" for "https://www.indiapost.gov.in/VAS/Pages/trackconsignment.aspx"
1506444753128	Marionette	DEBUG	Canceled page load listener because no navigation has been detected
1506444753158	Marionette	DEBUG	Received DOM event "beforeunload" for "https://www.indiapost.gov.in/VAS/Pages/trackconsignment.aspx"
JavaScript error: https://www.indiapost.gov.in/ScriptResource.axd?d=BJWLQtdo5Suy3SbWP8p3R4e2HyVUA_o5quQREYB3AUVBNqER8RAxgJq0ya_d4CsQhfifXO14riU-Zbc2j64HGEwNi7TfKonMGhPUyP2RZAuqlfbXFasH7IdQ0CVlKGULgudUOPqs3Y_ri6keh7-KQ67AuA5J256DwXDC9FPy-0vYWEB547u1ZD9kG9PTnaDE0&t=5f9d5645:5, line 25549: Error: Sys.WebForms.PageRequestManagerServerErrorException: An unknown error occurred while processing the request on the server. The status code returned from the server was: 0
1506444753593	Marionette	DEBUG	Received DOM event "pagehide" for "https://www.indiapost.gov.in/VAS/Pages/trackconsignment.aspx"
1506444753601	Marionette	DEBUG	Received DOM event "unload" for "https://www.indiapost.gov.in/VAS/Pages/trackconsignment.aspx"
1506444754197	Marionette	DEBUG	Received DOM event "DOMContentLoaded" for "https://www.indiapost.gov.in/VAS/Pages/trackconsignment.aspx"
1506444754232	Marionette	DEBUG	Received DOM event "pageshow" for "https://www.indiapost.gov.in/VAS/Pages/trackconsignment.aspx"
1506444755283	Marionette	DEBUG	Canceled page load listener because no navigation has been detected
1506444755325	Marionette	DEBUG	Received DOM event "beforeunload" for "https://www.indiapost.gov.in/VAS/Pages/trackconsignment.aspx"
JavaScript error: https://www.indiapost.gov.in/ScriptResource.axd?d=BJWLQtdo5Suy3SbWP8p3R4e2HyVUA_o5quQREYB3AUVBNqER8RAxgJq0ya_d4CsQhfifXO14riU-Zbc2j64HGEwNi7TfKonMGhPUyP2RZAuqlfbXFasH7IdQ0CVlKGULgudUOPqs3Y_ri6keh7-KQ67AuA5J256DwXDC9FPy-0vYWEB547u1ZD9kG9PTnaDE0&t=5f9d5645:5, line 25549: Error: Sys.WebForms.PageRequestManagerServerErrorException: An unknown error occurred while processing the request on the server. The status code returned from the server was: 0
1506444755792	Marionette	DEBUG	Received DOM event "pagehide" for "https://www.indiapost.gov.in/VAS/Pages/trackconsignment.aspx"
1506444755801	Marionette	DEBUG	Received DOM event "unload" for "https://www.indiapost.gov.in/VAS/Pages/trackconsignment.aspx"
1506444756232	Marionette	DEBUG	Received DOM event "DOMContentLoaded" for "https://www.indiapost.gov.in/VAS/Pages/trackconsignment.aspx"
1506444756258	Marionette	DEBUG	Received DOM event "pageshow" for "https://www.indiapost.gov.in/VAS/Pages/trackconsignment.aspx"
1506444757048	Marionette	DEBUG	Canceled page load listener because no navigation has been detected
1506444757082	Marionette	DEBUG	Received DOM event "beforeunload" for "https://www.indiapost.gov.in/VAS/Pages/trackconsignment.aspx"
1506444757522	Marionette	DEBUG	Received DOM event "pagehide" for "https://www.indiapost.gov.in/VAS/Pages/trackconsignment.aspx"
1506444757529	Marionette	DEBUG	Received DOM event "unload" for "https://www.indiapost.gov.in/VAS/Pages/trackconsignment.aspx"
1506444758023	Marionette	DEBUG	Received DOM event "DOMContentLoaded" for "https://www.indiapost.gov.in/VAS/Pages/trackconsignment.aspx"
1506444758068	Marionette	DEBUG	Received DOM event "pageshow" for "https://www.indiapost.gov.in/VAS/Pages/trackconsignment.aspx"
1506444759167	Marionette	DEBUG	Canceled page load listener because no navigation has been detected
1506444759186	Marionette	DEBUG	Received DOM event "beforeunload" for "https://www.indiapost.gov.in/VAS/Pages/trackconsignment.aspx"
JavaScript error: https://www.indiapost.gov.in/ScriptResource.axd?d=BJWLQtdo5Suy3SbWP8p3R4e2HyVUA_o5quQREYB3AUVBNqER8RAxgJq0ya_d4CsQhfifXO14riU-Zbc2j64HGEwNi7TfKonMGhPUyP2RZAuqlfbXFasH7IdQ0CVlKGULgudUOPqs3Y_ri6keh7-KQ67AuA5J256DwXDC9FPy-0vYWEB547u1ZD9kG9PTnaDE0&t=5f9d5645:5, line 25549: Error: Sys.WebForms.PageRequestManagerServerErrorException: An unknown error occurred while processing the request on the server. The status code returned from the server was: 0
1506444759688	Marionette	DEBUG	Received DOM event "pagehide" for "https://www.indiapost.gov.in/VAS/Pages/trackconsignment.aspx"
1506444759699	Marionette	DEBUG	Received DOM event "unload" for "https://www.indiapost.gov.in/VAS/Pages/trackconsignment.aspx"
1506444760457	Marionette	DEBUG	Received DOM event "DOMContentLoaded" for "https://www.indiapost.gov.in/VAS/Pages/trackconsignment.aspx"
1506444760518	Marionette	DEBUG	Received DOM event "pageshow" for "https://www.indiapost.gov.in/VAS/Pages/trackconsignment.aspx"
1506444761572	Marionette	DEBUG	Canceled page load listener because no navigation has been detected
1506444761596	Marionette	DEBUG	Received DOM event "beforeunload" for "https://www.indiapost.gov.in/VAS/Pages/trackconsignment.aspx"
JavaScript error: https://www.indiapost.gov.in/ScriptResource.axd?d=BJWLQtdo5Suy3SbWP8p3R4e2HyVUA_o5quQREYB3AUVBNqER8RAxgJq0ya_d4CsQhfifXO14riU-Zbc2j64HGEwNi7TfKonMGhPUyP2RZAuqlfbXFasH7IdQ0CVlKGULgudUOPqs3Y_ri6keh7-KQ67AuA5J256DwXDC9FPy-0vYWEB547u1ZD9kG9PTnaDE0&t=5f9d5645:5, line 25549: Error: Sys.WebForms.PageRequestManagerServerErrorException: An unknown error occurred while processing the request on the server. The status code returned from the server was: 0
1506444762166	Marionette	DEBUG	Received DOM event "pagehide" for "https://www.indiapost.gov.in/VAS/Pages/trackconsignment.aspx"
1506444762173	Marionette	DEBUG	Received DOM event "unload" for "https://www.indiapost.gov.in/VAS/Pages/trackconsignment.aspx"
1506444762621	Marionette	DEBUG	Received DOM event "DOMContentLoaded" for "https://www.indiapost.gov.in/VAS/Pages/trackconsignment.aspx"
1506444762642	Marionette	DEBUG	Received DOM event "pageshow" for "https://www.indiapost.gov.in/VAS/Pages/trackconsignment.aspx"
1506444763749	Marionette	DEBUG	Canceled page load listener because no navigation has been detected
1506444763791	Marionette	DEBUG	Received DOM event "beforeunload" for "https://www.indiapost.gov.in/VAS/Pages/trackconsignment.aspx"
JavaScript error: https://www.indiapost.gov.in/ScriptResource.axd?d=BJWLQtdo5Suy3SbWP8p3R4e2HyVUA_o5quQREYB3AUVBNqER8RAxgJq0ya_d4CsQhfifXO14riU-Zbc2j64HGEwNi7TfKonMGhPUyP2RZAuqlfbXFasH7IdQ0CVlKGULgudUOPqs3Y_ri6keh7-KQ67AuA5J256DwXDC9FPy-0vYWEB547u1ZD9kG9PTnaDE0&t=5f9d5645:5, line 25549: Error: Sys.WebForms.PageRequestManagerServerErrorException: An unknown error occurred while processing the request on the server. The status code returned from the server was: 0
1506444764223	Marionette	DEBUG	Received DOM event "pagehide" for "https://www.indiapost.gov.in/VAS/Pages/trackconsignment.aspx"
1506444764231	Marionette	DEBUG	Received DOM event "unload" for "https://www.indiapost.gov.in/VAS/Pages/trackconsignment.aspx"
1506444765118	Marionette	DEBUG	Received DOM event "DOMContentLoaded" for "https://www.indiapost.gov.in/VAS/Pages/trackconsignment.aspx"
1506444765187	Marionette	DEBUG	Received DOM event "pageshow" for "https://www.indiapost.gov.in/VAS/Pages/trackconsignment.aspx"
B3AUVBNqER8RAxgJq0ya_d4CsQhfifXO14riU-Zbc2j64HGEwNi7TfKonMGhPUyP2RZAuqlfbXFasH7IdQ0CVlKGULgudUOPqs3Y_ri6keh7-KQ67AuA5J256DwXDC9FPy-0vYWEB547u1ZD9kG9PTnaDE0&t=5f9d5645:5, line 25549: Error: Sys.WebForms.PageRequestManagerServerErrorException: An unknown error occurred while processing the request on the server. The status code returned from the server was: 0
1506444594168	Marionette	DEBUG	Received DOM event "pagehide" for "https://www.indiapost.gov.in/VAS/Pages/trackconsignment.aspx"
1506444594172	Marionette	DEBUG	Received DOM event "unload" for "https://www.indiapost.gov.in/VAS/Pages/trackconsignment.aspx"
1506444594662	Marionette	DEBUG	Received DOM event "DOMContentLoaded" for "https://www.indiapost.gov.in/VAS/Pages/trackconsignment.aspx"
1506444594684	Marionette	DEBUG	Received DOM event "pageshow" for "https://www.indiapost.gov.in/VAS/Pages/trackconsignment.aspx"
1506444595765	Marionette	DEBUG	Canceled page load listener because no navigation has been detected
1506444595801	Marionette	DEBUG	Received DOM event "beforeunload" for "https://www.indiapost.gov.in/VAS/Pages/trackconsignment.aspx"
JavaScript error: https://www.indiapost.gov.in/ScriptResource.axd?d=BJWLQtdo5Suy3SbWP8p3R4e2HyVUA_o5quQREYB3AUVBNqER8RAxgJq0ya_d4CsQhfifXO14riU-Zbc2j64HGEwNi7TfKonMGhPUyP2RZAuqlfbXFasH7IdQ0CVlKGULgudUOPqs3Y_ri6keh7-KQ67AuA5J256DwXDC9FPy-0vYWEB547u1ZD9kG9PTnaDE0&t=5f9d5645:5, line 25549: Error: Sys.WebForms.PageRequestManagerServerErrorException: An unknown error occurred while processing the request on the server. The status code returned from the server was: 0
1506444596249	Marionette	DEBUG	Received DOM event "pagehide" for "https://www.indiapost.gov.in/VAS/Pages/trackconsignment.aspx"
1506444596253	Marionette	DEBUG	Received DOM event "unload" for "https://www.indiapost.gov.in/VAS/Pages/trackconsignment.aspx"
1506444596794	Marionette	DEBUG	Received DOM event "DOMContentLoaded[GPU 12992] WARNING: pipe error: 109: file c:/builds/moz2_slave/m-rel-w32-00000000000000000000/build/src/ipc/chromium/src/chrome/common/ipc_channel_win.cc, line 346
[GPU 12992] WARNING: pipe error: 109: file c:/builds/moz2_slave/m-rel-w32-00000000000000000000/build/src/ipc/chromium/src/chrome/common/ipc_channel_win.cc, line 346

###!!! [Child][MessageChannel::SendAndWait] Error: Channel error: cannot send/recv

ment.aspx"
JavaScript error: https://www.indiapost.gov.in/ScriptResource.axd?d=BJWLQtdo5Suy3SbWP8p3R4e2HyVUA_o5quQREYB3AUVBNqER8RAxgJq0ya_d4CsQhfifXO14riU-Zbc2j64HGEwNi7TfKonMGhPUyP2RZAuqlfbXFasH7IdQ0CVlKGULgudUOPqs3Y_ri6keh7-KQ67AuA5J256DwXDC9FPy-0vYWEB547u1ZD9kG9PTnaDE0&t=5f9d5645:5, line 25549: Error: Sys.WebForms.PageRequestManagerServerErrorException: An unknown error occurred while processing the request on the server. The status code returned from the server was: 0
1506444598406	Marionette	DEBUG	Received DOM event "pagehide" for "https://www.indiapost.gov.in/VAS/Pages/trackconsignment.aspx"
1506444598409	Marionette	DEBUG	Received DOM event "unload" for "https://www.indiapost.gov.in/VAS/Pages/trackconsignment.aspx"
1506444598968	Marionette	DEBUG	Received DOM event "DOMContentLoaded" for "https://www.indiapost.gov.in/VAS/Pages/trackconsignment.aspx"
1506444599013	Marionette	DEBUG	Received DOM event "pageshow" for "https://www.indiapost.gov.in/VAS/Pages/trackconsignment.aspx"
1506444600333	Marionette	DEBUG	Canceled page load listener because no navigation has been detected
1506444600366	Marionette	DEBUG	Received DOM event "beforeunload" for "https://www.indiapost.gov.in/VAS/Pages/trackconsignment.aspx"
JavaScript error: https://www.indiapost.gov.in/ScriptResource.axd?d=BJWLQtdo5Suy3SbWP8p3R4e2HyVUA_o5quQREYB3AUVBNqER8RAxgJq0ya_d4CsQhfifXO14riU-Zbc2j64HGEwNi7TfKonMGhPUyP2RZAuqlfbXFasH7IdQ0CVlKGULgudUOPqs3Y_ri6keh7-KQ67AuA5J256DwXDC9FPy-0vYWEB547u1ZD9kG9PTnaDE0&t=5f9d5645:5, line 25549: Error: Sys.WebForms.PageRequestManagerServerErrorException: An unknown error occurred while processing the request on the server. The status code returned from the server was: 0
1506444600827	Marionette	DEBUG	Received DOM event "pagehide" for "https://www.indiapost.gov.in/VAS/Pages/trackconsignment.aspx"
1506444600832	Marionette	DEBUG	Received DOM event "unload" for "https://www.indiapost.gov.in/VAS/Pages/trackconsignment.aspx"
1506444601318	Marionette	DEBUG	Received DOM event "DOMContentLoaded" for "https://www.indiapost.gov.in/VAS/Pages/trackconsignment.aspx"
1506444601337	Marionette	DEBUG	Received DOM event "pageshow" for "https://www.indiapost.gov.in/VAS/Pages/trackconsignment.aspx"
1506444602378	Marionette	DEBUG	Canceled page load listener because no navigation has been detected
1506444602405	Marionette	DEBUG	Received DOM event "beforeunload" for "https://www.indiapost.gov.in/VAS/Pages/trackconsignment.aspx"
JavaScript error: https://www.indiapost.gov.in/ScriptResource.axd?d=BJWLQtdo5Suy3SbWP8p3R4e2HyVUA_o5quQREYB3AUVBNqER8RAxgJq0ya_d4CsQhfifXO14riU-Zbc2j64HGEwNi7TfKonMGhPUyP2RZAuqlfbXFasH7IdQ0CVlKGULgudUOPqs3Y_ri6keh7-KQ67AuA5J256DwXDC9FPy-0vYWEB547u1ZD9kG9PTnaDE0&t=5f9d5645:5, line 25549: Error: Sys.WebForms.PageRequestManagerServerErrorException: An unknown error occurred while processing the request on the server. The status code returned from the server was: 0
1506444602848	Marionette	DEBUG	Received DOM event "pagehide" for "https://www.indiapost.gov.in/VAS/Pages/trackconsignment.aspx"
1506444602853	Marionette	DEBUG	Received DOM event "unload" for "https://www.indiapost.gov.in/VAS/Pages/trackconsignment.aspx"
1506444603299	Marionette	DEBUG	Received DOM event "DOMContentLoaded" for "https://www.indiapost.gov.in/VAS/Pages/trackconsignment.aspx"
1506444603321	Marionette	DEBUG	Received DOM event "pageshow" for "https://www.indiapost.gov.in/VAS/Pages/trackconsignment.aspx"
1506444604467	Marionette	DEBUG	Canceled page load listener because no navigation has been detected
1506444604481	Marionette	DEBUG	Received DOM event "beforeunload" for "https://www.indiapost.gov.in/VAS/Pages/trackconsignment.aspx"
JavaScript error: https://www.indiapost.gov.in/ScriptResource.axd?d=BJWLQtdo5Suy3SbWP8p3R4e2HyVUA_o5quQREYB3AUVBNqER8RAxgJq0ya_d4CsQhfifXO14riU-Zbc2j64HGEwNi7TfKonMGhPUyP2RZAuqlfbXFasH7IdQ0CVlKGULgudUOPqs3Y_ri6keh7-KQ67AuA5J256DwXDC9FPy-0vYWEB547u1ZD9kG9PTnaDE0&t=5f9d5645:5, line 25549: Error: Sys.WebForms.PageRequestManagerServerErrorException: An unknown error occurred while processing the request on the server. The status code returned from the server was: 0
1506444604919	Marionette	DEBUG	Received DOM event "pagehide" for "https://www.indiapost.gov.in/VAS/Pages/trackconsignment.aspx"
1506444604940	Marionette	DEBUG	Received DOM event "unload" for "https://www.indiapost.gov.in/VAS/Pages/trackconsignment.aspx"
1506444605620	Marionette	DEBUG	Received DOM event "DOMContentLoaded" for "https://www.indiapost.gov.in/VAS/Pages/trackconsignment.aspx"
1506444605656	Marionette	DEBUG	Received DOM event "pageshow" for "https://www.indiapost.gov.in/VAS/Pages/trackconsignment.aspx"
1506444606798	Marionette	DEBUG	Canceled page load listener because no navigation has been detected
1506444606812	Marionette	DEBUG	Received DOM event "beforeunload" for "https://www.indiapost.gov.in/VAS/Pages/trackconsignment.aspx"
JavaScript error: https://www.indiapost.gov.in/ScriptResource.axd?d=BJWLQtdo5Suy3SbWP8p3R4e2HyVUA_o5quQREYB3AUVBNqER8RAxgJq0ya_d4CsQhfifXO14riU-Zbc2j64HGEwNi7TfKonMGhPUyP2RZAuqlfbXFasH7IdQ0CVlKGULgudUOPqs3Y_ri6keh7-KQ67AuA5J256DwXDC9FPy-0vYWEB547u1ZD9kG9PTnaDE0&t=5f9d5645:5, line 25549: Error: Sys.WebForms.PageRequestManagerServerErrorException: An unknown error occurred while processing the request on the server. The status code returned from the server was: 0
1506444607377	Marionette	DEBUG	Received DOM event "pagehide" for "https://www.indiapost.gov.in/VAS/Pages/trackconsignment.aspx"
1506444607380	Marionette	DEBUG	Received DOM event "unload" for "https://www.indiapost.gov.in/VAS/Pages/trackconsignment.aspx"
1506444608230	Marionette	DEBUG	Received DOM event "DOMContentLoaded" for "https://www.indiapost.gov.in/VAS/Pages/trackconsignment.aspx"
1506444608250	Marionette	DEBUG	Received DOM event "pageshow" for "https://www.indiapost.gov.in/VAS/Pages/trackconsignment.aspx"
1506444609377	Marionette	DEBUG	Canceled page load listener because no navigation has been detected
1506444609413	Marionette	DEBUG	Received DOM event "beforeunload" for "https://www.indiapost.gov.in/VAS/Pages/trackconsignment.aspx"
JavaScript error: https://www.indiapost.gov.in/ScriptResource.axd?d=BJWLQtdo5Suy3SbWP8p3R4e2HyVUA_o5quQREYB3AUVBNqER8RAxgJq0ya_d4CsQhfifXO14riU-Zbc2j64HGEwNi7TfKonMGhPUyP2RZAuqlfbXFasH7IdQ0CVlKGULgudUOPqs3Y_ri6keh7-KQ67AuA5J256DwXDC9FPy-0vYWEB547u1ZD9kG9PTnaDE0&t=5f9d5645:5, line 25549: Error: Sys.WebForms.PageRequestManagerServerErrorException: An unknown error occurred while processing the request on the server. The status code returned from the server was: 0
1506444609992	Marionette	DEBUG	Received DOM event "pagehide" for "https://www.indiapost.gov.in/VAS/Pages/trackconsignment.aspx"
1506444610001	Marionette	DEBUG	Received DOM event "unload" for "https://www.indiapost.gov.in/VAS/Pages/trackconsignment.aspx"
1506444610459	Marionette	DEBUG	Received DOM event "DOMContentLoaded" for "https://www.indiapost.gov.in/VAS/Pages/trackconsignment.aspx"
1506444610518	Marionette	DEBUG	Received DOM event "pageshow" for "https://www.indiapost.gov.in/VAS/Pages/trackconsignment.aspx"
1506444611635	Marionette	DEBUG	Canceled page load listener because no navigation has been detected
1506444611671	Marionette	DEBUG	Received DOM event "beforeunload" for "https://www.indiapost.gov.in/VAS/Pages/trackconsignment.aspx"
JavaScript error: https://www.indiapost.gov.in/ScriptResource.axd?d=BJWLQtdo5Suy3SbWP8p3R4e2HyVUA_o5quQREYB3AUVBNqER8RAxgJq0ya_d4CsQhfifXO14riU-Zbc2j64HGEwNi7TfKonMGhPUyP2RZAuqlfbXFasH7IdQ0CVlKGULgudUOPqs3Y_ri6keh7-KQ67AuA5J256DwXDC9FPy-0vYWEB547u1ZD9kG9PTnaDE0&t=5f9d5645:5, line 25549: Error: Sys.WebForms.PageRequestManagerServerErrorException: An unknown error occurred while processing the request on the server. The status code returned from the server was: 0
1506444612119	Marionette	DEBUG	Received DOM event "pagehide" for "https://www.indiapost.gov.in/VAS/Pages/trackconsignment.aspx"
1506444612122	Marionette	DEBUG	Received DOM event "unload" for "https://www.indiapost.gov.in/VAS/Pages/trackconsignment.aspx"
1506444612564	Marionette	DEBUG	Received DOM event "DOMContentLoaded" for "https://www.indiapost.gov.in/VAS/Pages/trackconsignment.aspx"
1506444612590	Marionette	DEBUG	Received DOM event "pageshow" for "https://www.indiapost.gov.in/VAS/Pages/trackconsignment.aspx"
1506444613823	Marionette	DEBUG	Canceled page load listener because no navigation has been detected
1506444613859	Marionette	DEBUG	Received DOM event "beforeunload" for "https://www.indiapost.gov.in/VAS/Pages/trackconsignment.aspx"
JavaScript error: https://www.indiapost.gov.in/ScriptResource.axd?d=BJWLQtdo5Suy3SbWP8p3R4e2HyVUA_o5quQREYB3AUVBNqER8RAxgJq0ya_d4CsQhfifXO14riU-Zbc2j64HGEwNi7TfKonMGhPUyP2RZAuqlfbXFasH7IdQ0CVlKGULgudUOPqs3Y_ri6keh7-KQ67AuA5J256DwXDC9FPy-0vYWEB547u1ZD9kG9PTnaDE0&t=5f9d5645:5, line 25549: Error: Sys.WebForms.PageRequestManagerServerErrorException: An unknown error occurred while processing the request on the server. The status code returned from the server was: 0
1506444614332	Marionette	DEBUG	Received DOM event "pagehide" for "https://www.indiapost.gov.in/VAS/Pages/trackconsignment.aspx"
1506444614338	Marionette	DEBUG	Received DOM event "unload" for "https://www.indiapost.gov.in/VAS/Pages/trackconsignment.aspx"
1506444615330	Marionette	DEBUG	Received DOM event "DOMContentLoaded" for "https://www.indiapost.gov.in/VAS/Pages/trackconsignment.aspx"
1506444615356	Marionette	DEBUG	Received DOM event "pageshow" for "https://www.indiapost.gov.in/VAS/Pages/trackconsignment.aspx"
[GPU 14208] WARNING: pipe error: 109: file c:/builds/moz2_slave/m-rel-w32-00000000000000000000/build/src/ipc/chromium/src/chrome/common/ipc_channel_win.cc, line 346
[Child 17356] WARNING: pipe error: 109: file c:/builds/moz2_slave/m-rel-w32-00000000000000000000/build/src/ipc/chromium/src/chrome/common/ipc_channel_win.cc, line 346
[Child 17356] WARNING: pipe error: 109: file c:/builds/moz2_slave/m-rel-w32-00000000000000000000/build/src/ipc/chromium/src/chrome/common/ipc_channel_win.cc, line 346

###!!! [Child][MessageChannel::SendAndWait] Error: Channel error: cannot send/recv

